<?xml version="1.0" encoding="UTF-8"?>
<!-- Generated by org.testng.reporters.JUnitReportReporter -->
<testsuite hostname="DESKTOP-UPUA3P9" failures="0" tests="3" name="Com.Test.Test_2" time="23.657" errors="0" timestamp="2022-10-07T19:01:24 IST" skipped="0">
  <testcase classname="Com.Test.Test_2" name="test2" time="8.997"/>
  <system-out/>
  <testcase classname="Com.Test.Test_2" name="test2" time="8.953"/>
  <system-out/>
  <testcase classname="Com.Test.Test_2" name="test2" time="5.707"/>
  <system-out/>
</testsuite> <!-- Com.Test.Test_2 -->
